<?xml version="1.0" encoding="UTF-8"?>
<!-- Generated by org.testng.reporters.JUnitReportReporter -->
<testsuite hostname="DESKTOP-6891DEK" failures="0" tests="1" name="pravinParab.ExtentReports.ExtentReportsDemo" time="24.446" errors="0" timestamp="05 Jan 2023 12:19:09 GMT" skipped="0">
  <testcase classname="pravinParab.ExtentReports.ExtentReportsDemo" name="initialDemo" time="24.446"/>
</testsuite> <!-- pravinParab.ExtentReports.ExtentReportsDemo -->
